<?xml version="1.0" encoding="UTF-8"?>
<testng-results skipped="0" failed="0" ignored="0" total="2" passed="2">
  <reporter-output>
  </reporter-output>
  <suite name="Command line suite" duration-ms="12688" started-at="2021-07-30T12:28:05 IST" finished-at="2021-07-30T12:28:17 IST">
    <groups>
    </groups>
    <test name="Command line test" duration-ms="12688" started-at="2021-07-30T12:28:05 IST" finished-at="2021-07-30T12:28:17 IST">
      <class name="test.GoogleSearchPageTest">
        <test-method status="PASS" signature="Setup()[pri:0, instance:test.GoogleSearchPageTest@eec5a4a]" name="Setup" is-config="true" duration-ms="5382" started-at="2021-07-30T12:28:05 IST" finished-at="2021-07-30T12:28:10 IST">
          <reporter-output>
          </reporter-output>
        </test-method> <!-- Setup -->
        <test-method status="PASS" signature="googleSearchTest()[pri:0, instance:test.GoogleSearchPageTest@eec5a4a]" name="googleSearchTest" duration-ms="2543" started-at="2021-07-30T12:28:10 IST" finished-at="2021-07-30T12:28:13 IST">
          <reporter-output>
          </reporter-output>
        </test-method> <!-- googleSearchTest -->
        <test-method status="PASS" signature="tearDownTest()[pri:0, instance:test.GoogleSearchPageTest@eec5a4a]" name="tearDownTest" is-config="true" duration-ms="4734" started-at="2021-07-30T12:28:13 IST" finished-at="2021-07-30T12:28:17 IST">
          <reporter-output>
          </reporter-output>
        </test-method> <!-- tearDownTest -->
      </class> <!-- test.GoogleSearchPageTest -->
      <class name="NewTest">
        <test-method status="PASS" signature="f()[pri:0, instance:NewTest@192b07fd]" name="f" duration-ms="1" started-at="2021-07-30T12:28:10 IST" finished-at="2021-07-30T12:28:10 IST">
          <reporter-output>
          </reporter-output>
        </test-method> <!-- f -->
      </class> <!-- NewTest -->
    </test> <!-- Command line test -->
  </suite> <!-- Command line suite -->
</testng-results>
