<?xml version="1.0" encoding="UTF-8"?>
<testng-results skipped="0" failed="0" ignored="0" total="2" passed="2">
  <reporter-output>
  </reporter-output>
  <suite name="Default suite" duration-ms="4612" started-at="2021-07-30T16:55:46 IST" finished-at="2021-07-30T16:55:51 IST">
    <groups>
    </groups>
    <test name="Default test" duration-ms="4612" started-at="2021-07-30T16:55:46 IST" finished-at="2021-07-30T16:55:51 IST">
      <class name="test.TutorComLoginPageTest">
        <test-method status="PASS" signature="Setup()[pri:0, instance:test.TutorComLoginPageTest@5bb21b69]" name="Setup" is-config="true" duration-ms="1960" started-at="2021-07-30T16:55:46 IST" finished-at="2021-07-30T16:55:48 IST">
          <reporter-output>
          </reporter-output>
        </test-method> <!-- Setup -->
        <test-method status="PASS" signature="adminLoginTest()[pri:0, instance:test.TutorComLoginPageTest@5bb21b69]" name="adminLoginTest" duration-ms="507" started-at="2021-07-30T16:55:48 IST" finished-at="2021-07-30T16:55:49 IST">
          <reporter-output>
          </reporter-output>
        </test-method> <!-- adminLoginTest -->
        <test-method status="PASS" signature="nonUserLoginTest()[pri:0, instance:test.TutorComLoginPageTest@5bb21b69]" name="nonUserLoginTest" duration-ms="1437" started-at="2021-07-30T16:55:49 IST" finished-at="2021-07-30T16:55:50 IST">
          <reporter-output>
          </reporter-output>
        </test-method> <!-- nonUserLoginTest -->
        <test-method status="PASS" signature="tearDownTest()[pri:0, instance:test.TutorComLoginPageTest@5bb21b69]" name="tearDownTest" is-config="true" duration-ms="674" started-at="2021-07-30T16:55:50 IST" finished-at="2021-07-30T16:55:51 IST">
          <reporter-output>
          </reporter-output>
        </test-method> <!-- tearDownTest -->
      </class> <!-- test.TutorComLoginPageTest -->
    </test> <!-- Default test -->
  </suite> <!-- Default suite -->
</testng-results>
